<?xml version="1.0" encoding="UTF-8"?>
<!-- Generated by org.testng.reporters.JUnitXMLReporter -->
<testsuite hostname="VANKAMRE-3L179K3" ignored="1" name="CreateWOTest" tests="1" failures="0" timestamp="24 Aug 2023 06:18:05 GMT" time="41.083" errors="0">
  <testcase name="@AfterTest tearTest" time="1.557" classname="com.ebs.framework.fwkBrowser">
    <failure type="java.io.IOException" message="Failed to open file:/C:/Office/A_Drive/eclipseprojects/Selenium_4_11/target/Test.html. Error message: The system cannot find the file specified.
">
      <![CDATA[java.io.IOException: Failed to open file:/C:/Office/A_Drive/eclipseprojects/Selenium_4_11/target/Test.html. Error message: The system cannot find the file specified.

at sun.awt.windows.WDesktopPeer.ShellExecute(Unknown Source)
at sun.awt.windows.WDesktopPeer.browse(Unknown Source)
at java.awt.Desktop.browse(Unknown Source)
at com.ebs.framework.fwkBrowser.reportGeneration(fwkBrowser.java:113)
at com.ebs.framework.fwkBrowser.tearTest(fwkBrowser.java:77)
at java.util.concurrent.FutureTask.run(Unknown Source)
at java.util.concurrent.ThreadPoolExecutor.runWorker(Unknown Source)
at java.util.concurrent.ThreadPoolExecutor$Worker.run(Unknown Source)
at java.lang.Thread.run(Unknown Source)
... Removed 15 stack frames]]>
    </failure>
  </testcase> <!-- @AfterTest tearTest -->
  <testcase name="login" time="6.966" classname="com.ebs.test.drivertest.Seleniumt11TestNgTest"/>
  <testcase name="logout" time="0.0" classname="com.ebs.test.drivertest.Seleniumt11TestNgTest">
    <ignored/>
  </testcase> <!-- logout -->
</testsuite> <!-- CreateWOTest -->
